<?xml version="1.0" encoding="UTF-8"?>
<!-- Generated by org.testng.reporters.JUnitReportReporter -->
<testsuite hostname="LAPTOP-SI1CKBO9" failures="0" tests="1" name="tutorialsNinja.register.TC_RF_006" time="6.025" errors="0" timestamp="2025-06-05T18:55:32 IST" skipped="0">
  <testcase classname="tutorialsNinja.register.TC_RF_006" name="verifyRegisterWithMandatoryFields" time="6.025"/>
</testsuite> <!-- tutorialsNinja.register.TC_RF_006 -->
