<?xml version="1.0" encoding="UTF-8"?>
<!-- Generated by org.testng.reporters.JUnitReportReporter -->
<testsuite hostname="LAPTOP-SI1CKBO9" failures="0" tests="1" name="tutorialsNinja.register.TC_RF_001" time="8.029" errors="0" timestamp="2025-06-05T19:21:00 IST" skipped="0">
  <testcase classname="tutorialsNinja.register.TC_RF_001" name="verifyRegisterWithMandatoryFields" time="8.029"/>
</testsuite> <!-- tutorialsNinja.register.TC_RF_001 -->
